[2016-12-08 20:47:09.705] [INFO] dateFileLog - GET /
[2016-12-08 20:47:09.719] [INFO] dateFileLog - GET /stylesheets/style.css
[2016-12-08 20:47:10.038] [INFO] dateFileLog - GET /favicon.ico
[2016-12-08 20:47:12.607] [INFO] dateFileLog - GET /aaa
[2016-12-08 20:47:12.623] [INFO] dateFileLog - GET /stylesheets/style.css
[2016-12-08 20:47:19.596] [INFO] dateFileLog - GET /
[2016-12-08 20:47:19.609] [INFO] dateFileLog - GET /stylesheets/style.css
[2016-12-08 20:47:38.119] [INFO] dateFileLog - GET /
[2016-12-08 20:47:38.136] [INFO] dateFileLog - GET /stylesheets/style.css
[2016-12-08 20:50:09.712] [INFO] dateFileLog - GET /
[2016-12-08 20:50:09.731] [INFO] dateFileLog - GET /stylesheets/style.css
[2016-12-08 20:50:12.796] [INFO] dateFileLog - GET /proxy
[2016-12-08 20:50:34.665] [INFO] dateFileLog - GET /
[2016-12-08 20:50:34.689] [INFO] dateFileLog - GET /stylesheets/style.css
[2016-12-08 20:51:13.252] [INFO] dateFileLog - GET /backend/rest/api/hello
[2016-12-08 20:55:35.056] [INFO] dateFileLog - GET /backend/rest/api/hello
[2016-12-08 20:55:42.759] [INFO] dateFileLog - GET /backend/rest/api/hello
[2016-12-08 20:55:42.781] [INFO] dateFileLog - GET /stylesheets/style.css
[2016-12-08 20:55:47.228] [INFO] dateFileLog - GET /api/hello
[2016-12-08 20:55:49.306] [INFO] dateFileLog - GET /api/hello
[2016-12-08 20:55:51.940] [INFO] dateFileLog - GET /
[2016-12-08 20:55:51.954] [INFO] dateFileLog - GET /stylesheets/style.css
[2016-12-08 20:55:56.402] [INFO] dateFileLog - GET /api/
[2016-12-08 20:55:59.956] [INFO] dateFileLog - GET /api/hello
[2016-12-08 20:56:25.196] [INFO] dateFileLog - GET /api
[2016-12-08 20:56:28.924] [INFO] dateFileLog - GET /api/hello
[2016-12-08 20:56:45.016] [INFO] dateFileLog - GET /api/hello
[2016-12-08 20:57:13.039] [INFO] dateFileLog - GET /
[2016-12-08 20:57:13.066] [INFO] dateFileLog - GET /stylesheets/style.css
[2016-12-08 20:57:20.528] [INFO] dateFileLog - GET /rest/api/hello
[2016-12-08 20:57:20.563] [INFO] dateFileLog - GET /stylesheets/style.css
[2016-12-08 20:57:24.447] [INFO] dateFileLog - GET /api/rest/api/hello
[2016-12-08 20:57:39.456] [INFO] dateFileLog - GET /api/rest/api/hello
[2016-12-08 20:57:54.830] [INFO] dateFileLog - GET /api/rest/api/hello
[2016-12-08 20:57:54.864] [INFO] dateFileLog - GET /stylesheets/style.css
[2016-12-08 20:57:57.088] [INFO] dateFileLog - GET /backend/rest/api/hello
